<?xml version="1.0" encoding="UTF-8"?>
<!-- Generated by org.testng.reporters.JUnitXMLReporter -->
<testsuite ignored="0" hostname="LAPTOP-L8BS8AR8" failures="0" tests="6" name="FirstTestCase" time="0.094" errors="0" timestamp="01 Sep 2022 05:20:48 GMT">
  <testcase classname="com.timekeeping.actiTime.selenium.basicTestCase.ClassB" name="demo4" time="0.013"/>
  <testcase classname="com.timekeeping.actiTime.selenium.basicTestCase.ClassB" name="demo5" time="0.008"/>
  <testcase classname="com.timekeeping.actiTime.selenium.basicTestCase.ClassB" name="demo6" time="0.003"/>
  <testcase classname="com.timekeeping.actiTime.selenium.basicTestCase.ClassA" name="demo1" time="0.003"/>
  <testcase classname="com.timekeeping.actiTime.selenium.basicTestCase.ClassA" name="demo2" time="0.001"/>
  <testcase classname="com.timekeeping.actiTime.selenium.basicTestCase.ClassA" name="demo3" time="0.001"/>
</testsuite> <!-- FirstTestCase -->
