<?xml version="1.0" encoding="UTF-8"?>
<!-- Generated by org.testng.reporters.JUnitXMLReporter -->
<testsuite ignored="2" hostname="LAPTOP-L8BS8AR8" failures="0" tests="3" name="Test" time="0.1" errors="0" timestamp="2022-09-07T11:14:54 IST">
  <testcase classname="com.timekeeping.actiTime.selenium.basicTestCase.ClassF" name="demo3" time="0.008"/>
  <testcase classname="com.timekeeping.actiTime.selenium.basicTestCase.ClassE" name="demo1" time="0.002"/>
  <testcase classname="com.timekeeping.actiTime.selenium.basicTestCase.ClassE" name="demo2" time="0.002"/>
  <testcase classname="com.timekeeping.actiTime.selenium.genericUtility.BaseCalss" name="@AfterSuite asConfig" time="0.0">
    <ignored/>
  </testcase> <!-- @AfterSuite asConfig -->
  <testcase classname="com.timekeeping.actiTime.selenium.genericUtility.BaseCalss" name="@BeforeSuite bsConfig" time="0.0">
    <ignored/>
  </testcase> <!-- @BeforeSuite bsConfig -->
</testsuite> <!-- Test -->
